#
# There is insufficient memory for the Java Runtime Environment to continue.
# Native memory allocation (malloc) failed to allocate 131856 bytes for Chunk::new
# Possible reasons:
#   The system is out of physical RAM or swap space
#   In 32 bit mode, the process size limit was hit
# Possible solutions:
#   Reduce memory load on the system
#   Increase physical memory or swap space
#   Check if swap backing store is full
#   Use 64 bit Java on a 64 bit OS
#   Decrease Java heap size (-Xmx/-Xms)
#   Decrease number of Java threads
#   Decrease Java thread stack sizes (-Xss)
#   Set larger code cache with -XX:ReservedCodeCacheSize=
# This output file may be truncated or incomplete.
#
#  Out of Memory Error (allocation.cpp:390), pid=1592, tid=0x0000000000005360
#
# JRE version: OpenJDK Runtime Environment (8.0_112) (build 1.8.0_112-release-736)
# Java VM: OpenJDK 64-Bit Server VM (25.112-b736 mixed mode windows-amd64 compressed oops)
# Failed to write core dump. Minidumps are not enabled by default on client versions of Windows
#

---------------  T H R E A D  ---------------

Current thread (0x000000005786b800):  JavaThread "C2 CompilerThread1" daemon [_thread_in_native, id=21344, stack(0x0000000058270000,0x0000000058370000)]

Stack: [0x0000000058270000,0x0000000058370000]
[error occurred during error reporting (printing stack bounds), id 0xc0000005]

Native frames: (J=compiled Java code, j=interpreted, Vv=VM code, C=native code)


Current CompileTask:
C2:11055151 17059 %     4       com.android.dx.dex.code.OutputFinisher::assignIndices @ 8 (64 bytes)


---------------  P R O C E S S  ---------------

Java Threads: ( => current thread )
  0x0000000066970800 JavaThread "ForkJoinPool.commonPool-worker-9" daemon [_thread_blocked, id=6828, stack(0x00000000680a0000,0x00000000681a0000)]
  0x000000005d336800 JavaThread "ForkJoinPool.commonPool-worker-14" daemon [_thread_blocked, id=20580, stack(0x0000000067f00000,0x0000000068000000)]
  0x000000005d335800 JavaThread "ForkJoinPool.commonPool-worker-12" daemon [_thread_blocked, id=15212, stack(0x00000000692a0000,0x00000000693a0000)]
  0x000000005d335000 JavaThread "ForkJoinPool.commonPool-worker-6" daemon [_thread_blocked, id=1548, stack(0x0000000067c80000,0x0000000067d80000)]
  0x000000005d333800 JavaThread "ForkJoinPool.commonPool-worker-4" daemon [_thread_blocked, id=21292, stack(0x0000000067af0000,0x0000000067bf0000)]
  0x000000005d332800 JavaThread "ForkJoinPool.commonPool-worker-7" daemon [_thread_blocked, id=21332, stack(0x00000000679e0000,0x0000000067ae0000)]
  0x000000005d331800 JavaThread "ForkJoinPool.commonPool-worker-5" daemon [_thread_blocked, id=14516, stack(0x000000005c060000,0x000000005c160000)]
  0x0000000057af7800 JavaThread "ForkJoinPool.commonPool-worker-1" daemon [_thread_blocked, id=20664, stack(0x0000000065870000,0x0000000065970000)]
  0x000000005d331000 JavaThread "ForkJoinPool.commonPool-worker-0" daemon [_thread_blocked, id=20208, stack(0x0000000065540000,0x0000000065640000)]
  0x000000005d330000 JavaThread "ForkJoinPool.commonPool-worker-3" daemon [_thread_blocked, id=20680, stack(0x0000000057fd0000,0x00000000580d0000)]
  0x0000000057af4800 JavaThread "ForkJoinPool.commonPool-worker-2" daemon [_thread_blocked, id=20992, stack(0x0000000065370000,0x0000000065470000)]
  0x0000000057af0800 JavaThread "Cache worker for Java compile cache (E:\git_project\BadNews\.gradle\4.0-milestone-1\javaCompile)" [_thread_blocked, id=19792, stack(0x0000000064870000,0x0000000064970000)]
  0x0000000057af2000 JavaThread "Task worker Thread 3" [_thread_blocked, id=1248, stack(0x0000000064750000,0x0000000064850000)]
  0x0000000057af3000 JavaThread "Task worker Thread 2" [_thread_blocked, id=20788, stack(0x0000000063070000,0x0000000063170000)]
  0x000000005aa98000 JavaThread "Task worker" [_thread_blocked, id=10848, stack(0x000000005b950000,0x000000005ba50000)]
  0x000000005aaa5000 JavaThread "Cache worker for task history cache (E:\git_project\BadNews\.gradle\4.0-milestone-1\taskHistory)" [_thread_blocked, id=19784, stack(0x0000000064590000,0x0000000064690000)]
  0x000000005aaa0800 JavaThread "Cache worker for file content cache (E:\git_project\BadNews\.gradle\4.0-milestone-1\fileContent)" [_thread_blocked, id=19720, stack(0x0000000058370000,0x0000000058470000)]
  0x000000005aaa2000 JavaThread "build operations Thread 4" [_thread_blocked, id=17524, stack(0x0000000061cc0000,0x0000000061dc0000)]
  0x000000005aaa3800 JavaThread "build operations Thread 3" [_thread_blocked, id=21148, stack(0x00000000641a0000,0x00000000642a0000)]
  0x000000005aaa1000 JavaThread "build operations Thread 2" [_thread_blocked, id=7156, stack(0x000000005a0c0000,0x000000005a1c0000)]
  0x000000005aa9e000 JavaThread "build operations" [_thread_blocked, id=21464, stack(0x0000000062f30000,0x0000000063030000)]
  0x000000005aa9f800 JavaThread "Cache worker for Artifact transforms cache (C:\Users\Administrator\.gradle\caches\transforms-1)" [_thread_blocked, id=3524, stack(0x0000000061960000,0x0000000061a60000)]
  0x000000005aa97000 JavaThread "Cache worker for file hash cache (E:\git_project\BadNews\.gradle\4.0-milestone-1\fileHashes)" [_thread_blocked, id=7960, stack(0x0000000061240000,0x0000000061340000)]
  0x000000005aa9b000 JavaThread "Stdin handler" [_thread_blocked, id=21156, stack(0x0000000061080000,0x0000000061180000)]
  0x000000005aa98800 JavaThread "Asynchronous log dispatcher for DefaultDaemonConnection: socket connection from /127.0.0.1:16525 to /127.0.0.1:27973" [_thread_blocked, id=21136, stack(0x0000000060e90000,0x0000000060f90000)]
  0x000000005aa99800 JavaThread "Daemon worker Thread 4" [_thread_blocked, id=15484, stack(0x000000005f080000,0x000000005f180000)]
  0x000000005aa9a000 JavaThread "Cancel handler" [_thread_blocked, id=20844, stack(0x000000005c170000,0x000000005c270000)]
  0x000000005aa9d800 JavaThread "Handler for socket connection from /127.0.0.1:16525 to /127.0.0.1:27973" [_thread_in_native, id=18308, stack(0x000000005bf50000,0x000000005c050000)]
  0x000000005aa9f000 JavaThread "Daemon Thread 4" [_thread_blocked, id=10504, stack(0x000000005bd60000,0x000000005be60000)]
  0x000000005aa9c800 JavaThread "Memory manager" [_thread_blocked, id=21420, stack(0x00000000573a0000,0x00000000574a0000)]
  0x000000005aa9c000 JavaThread "pool-1-thread-1" [_thread_blocked, id=21216, stack(0x000000005dad0000,0x000000005dbd0000)]
  0x0000000059d81000 JavaThread "File lock request listener" [_thread_in_native, id=20896, stack(0x000000005b850000,0x000000005b950000)]
  0x0000000059d80800 JavaThread "Cache worker for file hash cache (C:\Users\Administrator\.gradle\caches\4.0-milestone-1\fileHashes)" [_thread_blocked, id=21340, stack(0x000000005c270000,0x000000005c370000)]
  0x0000000059542800 JavaThread "Daemon periodic checks" [_thread_blocked, id=16040, stack(0x000000005b6f0000,0x000000005b7f0000)]
  0x0000000059658800 JavaThread "Incoming local TCP Connector on port 16525" [_thread_in_native, id=19780, stack(0x000000005b5c0000,0x000000005b6c0000)]
  0x00000000578e6800 JavaThread "Service Thread" daemon [_thread_blocked, id=21356, stack(0x0000000058670000,0x0000000058770000)]
  0x0000000057882000 JavaThread "C1 CompilerThread2" daemon [_thread_blocked, id=20856, stack(0x0000000058480000,0x0000000058580000)]
=>0x000000005786b800 JavaThread "C2 CompilerThread1" daemon [_thread_in_native, id=21344, stack(0x0000000058270000,0x0000000058370000)]
  0x000000005786a800 JavaThread "C2 CompilerThread0" daemon [_thread_blocked, id=20868, stack(0x00000000580d0000,0x00000000581d0000)]
  0x00000000563a2000 JavaThread "Attach Listener" daemon [_thread_blocked, id=20544, stack(0x0000000057ed0000,0x0000000057fd0000)]
  0x00000000563a1000 JavaThread "Signal Dispatcher" daemon [_thread_blocked, id=21112, stack(0x0000000057ce0000,0x0000000057de0000)]
  0x0000000056387800 JavaThread "Finalizer" daemon [_thread_blocked, id=14732, stack(0x0000000057760000,0x0000000057860000)]
  0x0000000056340800 JavaThread "Reference Handler" daemon [_thread_blocked, id=20792, stack(0x0000000057660000,0x0000000057760000)]
  0x0000000002448000 JavaThread "main" [_thread_blocked, id=20872, stack(0x00000000027e0000,0x00000000028e0000)]

Other Threads:
  0x0000000056339000 VMThread [stack: 0x00000000574a0000,0x00000000575a0000] [id=8008]
  0x00000000578e9800 WatcherThread [stack: 0x00000000587e0000,0x00000000588e0000] [id=21100]

VM state:at safepoint (normal execution)

VM Mutex/Monitor currently owned by a thread:  ([mutex/lock_event])
[0x000000000257d8f0] Threads_lock - owner thread: 0x0000000056339000
[0x000000000257ddf0] Heap_lock - owner thread: 0x000000005d335000

Heap:
 PSYoungGen      total 483328K, used 459243K [0x00000000e0000000, 0x00000000ffb00000, 0x0000000100000000)
  eden space 448512K, 99% used [0x00000000e0000000,0x00000000fb5c3b88,0x00000000fb600000)
  from space 34816K, 31% used [0x00000000fd900000,0x00000000fe3b7168,0x00000000ffb00000)
  to   space 35328K, 0% used [0x00000000fb600000,0x00000000fb650000,0x00000000fd880000)
 ParOldGen       total 211456K, used 94008K [0x00000000a0000000, 0x00000000ace80000, 0x00000000e0000000)
  object space 211456K, 44% used [0x00000000a0000000,0x00000000a5bce058,0x00000000ace80000)
 Metaspace       used 70223K, capacity 72732K, committed 74200K, reserved 1114112K
  class space    used 8753K, capacity 9212K, committed 9432K, reserved 1048576K

Card table byte_map: [0x0000000011ca0000,0x0000000011fb0000] byte_map_base: 0x00000000117a0000

Marking Bits: (ParMarkBitMap*) 0x000000005f9ff8f0
 Begin Bits: [0x00000000126b0000, 0x0000000013eb0000)
 End Bits:   [0x0000000013eb0000, 0x00000000156b0000)

Polling page: 0x00000000001c0000

CodeCache: size=245760Kb used=52446Kb max_used=52458Kb free=193313Kb
 bounds [0x00000000028e0000, 0x0000000005c60000, 0x00000000118e0000]
 total_blobs=14836 nmethods=14039 adapters=708
 compilation: enabled

Compilation events (10 events):
Event: 11053.344 Thread 0x000000005786b800 nmethod 17271 0x0000000005c3aa10 code [0x0000000005c3ab80, 0x0000000005c3ae98]
Event: 11053.344 Thread 0x000000005786b800 17048 %     4       com.android.dx.ssa.SCCP::run @ 133 (298 bytes)
Event: 11053.358 Thread 0x0000000057882000 17297       3       com.android.dx.dex.file.ValueEncoder::writeAnnotation (401 bytes)
Event: 11053.366 Thread 0x0000000057882000 nmethod 17297 0x0000000005c4f610 code [0x0000000005c4fea0, 0x0000000005c56048]
Event: 11053.406 Thread 0x000000005786b800 nmethod 17048% 0x0000000005c2e990 code [0x0000000005c2ec20, 0x0000000005c2fb30]
Event: 11053.406 Thread 0x000000005786b800 17220       4       com.android.dx.ssa.SsaConverter::edgeSplitPredecessors (44 bytes)
Event: 11053.421 Thread 0x000000005786b800 nmethod 17220 0x0000000005c3d990 code [0x0000000005c3db60, 0x0000000005c3e220]
Event: 11053.422 Thread 0x000000005786b800 17053 %     4       com.android.dx.dex.code.OutputFinisher::makeOpcodesArray @ 15 (49 bytes)
Event: 11053.434 Thread 0x000000005786b800 nmethod 17053% 0x0000000005c3a1d0 code [0x0000000005c3a320, 0x0000000005c3a738]
Event: 11053.434 Thread 0x000000005786b800 17059 %     4       com.android.dx.dex.code.OutputFinisher::assignIndices @ 8 (64 bytes)

GC Heap History (10 events):
Event: 11045.917 GC heap before
{Heap before GC invocations=22 (full 4):
 PSYoungGen      total 475648K, used 438417K [0x00000000e0000000, 0x0000000100000000, 0x0000000100000000)
  eden space 433664K, 99% used [0x00000000e0000000,0x00000000fa6d1dd8,0x00000000fa780000)
  from space 41984K, 12% used [0x00000000fa780000,0x00000000facd2980,0x00000000fd080000)
  to   space 41472K, 0% used [0x00000000fd780000,0x00000000fd780000,0x0000000100000000)
 ParOldGen       total 211456K, used 67514K [0x00000000a0000000, 0x00000000ace80000, 0x00000000e0000000)
  object space 211456K, 31% used [0x00000000a0000000,0x00000000a41ee878,0x00000000ace80000)
 Metaspace       used 70188K, capacity 72732K, committed 74200K, reserved 1114112K
  class space    used 8752K, capacity 9212K, committed 9432K, reserved 1048576K
Event: 11045.933 GC heap after
Heap after GC invocations=22 (full 4):
 PSYoungGen      total 481792K, used 3673K [0x00000000e0000000, 0x00000000fff80000, 0x0000000100000000)
  eden space 440832K, 0% used [0x00000000e0000000,0x00000000e0000000,0x00000000fae80000)
  from space 40960K, 8% used [0x00000000fd780000,0x00000000fdb16700,0x00000000fff80000)
  to   space 41472K, 0% used [0x00000000fae80000,0x00000000fae80000,0x00000000fd700000)
 ParOldGen       total 211456K, used 69777K [0x00000000a0000000, 0x00000000ace80000, 0x00000000e0000000)
  object space 211456K, 32% used [0x00000000a0000000,0x00000000a4424560,0x00000000ace80000)
 Metaspace       used 70188K, capacity 72732K, committed 74200K, reserved 1114112K
  class space    used 8752K, capacity 9212K, committed 9432K, reserved 1048576K
}
Event: 11048.339 GC heap before
{Heap before GC invocations=23 (full 4):
 PSYoungGen      total 481792K, used 444436K [0x00000000e0000000, 0x00000000fff80000, 0x0000000100000000)
  eden space 440832K, 99% used [0x00000000e0000000,0x00000000fae6ec28,0x00000000fae80000)
  from space 40960K, 8% used [0x00000000fd780000,0x00000000fdb16700,0x00000000fff80000)
  to   space 41472K, 0% used [0x00000000fae80000,0x00000000fae80000,0x00000000fd700000)
 ParOldGen       total 211456K, used 69777K [0x00000000a0000000, 0x00000000ace80000, 0x00000000e0000000)
  object space 211456K, 32% used [0x00000000a0000000,0x00000000a4424560,0x00000000ace80000)
 Metaspace       used 70201K, capacity 72732K, committed 74200K, reserved 1114112K
  class space    used 8752K, capacity 9212K, committed 9432K, reserved 1048576K
Event: 11048.365 GC heap after
Heap after GC invocations=23 (full 4):
 PSYoungGen      total 455680K, used 14454K [0x00000000e0000000, 0x00000000ffb80000, 0x0000000100000000)
  eden space 440832K, 0% used [0x00000000e0000000,0x00000000e0000000,0x00000000fae80000)
  from space 14848K, 97% used [0x00000000fae80000,0x00000000fbc9d838,0x00000000fbd00000)
  to   space 38912K, 0% used [0x00000000fd580000,0x00000000fd580000,0x00000000ffb80000)
 ParOldGen       total 211456K, used 72326K [0x00000000a0000000, 0x00000000ace80000, 0x00000000e0000000)
  object space 211456K, 34% used [0x00000000a0000000,0x00000000a46a1b30,0x00000000ace80000)
 Metaspace       used 70201K, capacity 72732K, committed 74200K, reserved 1114112K
  class space    used 8752K, capacity 9212K, committed 9432K, reserved 1048576K
}
Event: 11049.814 GC heap before
{Heap before GC invocations=24 (full 4):
 PSYoungGen      total 455680K, used 455082K [0x00000000e0000000, 0x00000000ffb80000, 0x0000000100000000)
  eden space 440832K, 99% used [0x00000000e0000000,0x00000000fae4d260,0x00000000fae80000)
  from space 14848K, 97% used [0x00000000fae80000,0x00000000fbc9d838,0x00000000fbd00000)
  to   space 38912K, 0% used [0x00000000fd580000,0x00000000fd580000,0x00000000ffb80000)
 ParOldGen       total 211456K, used 72326K [0x00000000a0000000, 0x00000000ace80000, 0x00000000e0000000)
  object space 211456K, 34% used [0x00000000a0000000,0x00000000a46a1b30,0x00000000ace80000)
 Metaspace       used 70207K, capacity 72732K, committed 74200K, reserved 1114112K
  class space    used 8753K, capacity 9212K, committed 9432K, reserved 1048576K
Event: 11049.846 GC heap after
Heap after GC invocations=24 (full 4):
 PSYoungGen      total 481280K, used 5101K [0x00000000e0000000, 0x0000000100000000, 0x0000000100000000)
  eden space 442368K, 0% used [0x00000000e0000000,0x00000000e0000000,0x00000000fb000000)
  from space 38912K, 13% used [0x00000000fd580000,0x00000000fda7b778,0x00000000ffb80000)
  to   space 38400K, 0% used [0x00000000fb000000,0x00000000fb000000,0x00000000fd580000)
 ParOldGen       total 211456K, used 85087K [0x00000000a0000000, 0x00000000ace80000, 0x00000000e0000000)
  object space 211456K, 40% used [0x00000000a0000000,0x00000000a5317f08,0x00000000ace80000)
 Metaspace       used 70207K, capacity 72732K, committed 74200K, reserved 1114112K
  class space    used 8753K, capacity 9212K, committed 9432K, reserved 1048576K
}
Event: 11050.839 GC heap before
{Heap before GC invocations=25 (full 4):
 PSYoungGen      total 481280K, used 447469K [0x00000000e0000000, 0x0000000100000000, 0x0000000100000000)
  eden space 442368K, 100% used [0x00000000e0000000,0x00000000fb000000,0x00000000fb000000)
  from space 38912K, 13% used [0x00000000fd580000,0x00000000fda7b778,0x00000000ffb80000)
  to   space 38400K, 0% used [0x00000000fb000000,0x00000000fb000000,0x00000000fd580000)
 ParOldGen       total 211456K, used 85087K [0x00000000a0000000, 0x00000000ace80000, 0x00000000e0000000)
  object space 211456K, 40% used [0x00000000a0000000,0x00000000a5317f08,0x00000000ace80000)
 Metaspace       used 70216K, capacity 72732K, committed 74200K, reserved 1114112K
  class space    used 8753K, capacity 9212K, committed 9432K, reserved 1048576K
Event: 11050.885 GC heap after
Heap after GC invocations=25 (full 4):
 PSYoungGen      total 480768K, used 5573K [0x00000000e0000000, 0x00000000ffd80000, 0x0000000100000000)
  eden space 442368K, 0% used [0x00000000e0000000,0x00000000e0000000,0x00000000fb000000)
  from space 38400K, 14% used [0x00000000fb000000,0x00000000fb5716c0,0x00000000fd580000)
  to   space 37376K, 0% used [0x00000000fd900000,0x00000000fd900000,0x00000000ffd80000)
 ParOldGen       total 211456K, used 88034K [0x00000000a0000000, 0x00000000ace80000, 0x00000000e0000000)
  object space 211456K, 41% used [0x00000000a0000000,0x00000000a55f88e0,0x00000000ace80000)
 Metaspace       used 70216K, capacity 72732K, committed 74200K, reserved 1114112K
  class space    used 8753K, capacity 9212K, committed 9432K, reserved 1048576K
}
Event: 11052.481 GC heap before
{Heap before GC invocations=26 (full 4):
 PSYoungGen      total 480768K, used 447941K [0x00000000e0000000, 0x00000000ffd80000, 0x0000000100000000)
  eden space 442368K, 100% used [0x00000000e0000000,0x00000000fb000000,0x00000000fb000000)
  from space 38400K, 14% used [0x00000000fb000000,0x00000000fb5716c0,0x00000000fd580000)
  to   space 37376K, 0% used [0x00000000fd900000,0x00000000fd900000,0x00000000ffd80000)
 ParOldGen       total 211456K, used 88034K [0x00000000a0000000, 0x00000000ace80000, 0x00000000e0000000)
  object space 211456K, 41% used [0x00000000a0000000,0x00000000a55f88e0,0x00000000ace80000)
 Metaspace       used 70219K, capacity 72732K, committed 74200K, reserved 1114112K
  class space    used 8753K, capacity 9212K, committed 9432K, reserved 1048576K
Event: 11052.519 GC heap after
Heap after GC invocations=26 (full 4):
 PSYoungGen      total 483328K, used 10972K [0x00000000e0000000, 0x00000000ffb00000, 0x0000000100000000)
  eden space 448512K, 0% used [0x00000000e0000000,0x00000000e0000000,0x00000000fb600000)
  from space 34816K, 31% used [0x00000000fd900000,0x00000000fe3b7168,0x00000000ffb00000)
  to   space 35328K, 0% used [0x00000000fb600000,0x00000000fb600000,0x00000000fd880000)
 ParOldGen       total 211456K, used 92892K [0x00000000a0000000, 0x00000000ace80000, 0x00000000e0000000)
  object space 211456K, 43% used [0x00000000a0000000,0x00000000a5ab7190,0x00000000ace80000)
 Metaspace       used 70219K, capacity 72732K, committed 74200K, reserved 1114112K
  class space    used 8753K, capacity 9212K, committed 9432K, reserved 1048576K
}

Deoptimization events (10 events):
Event: 11051.222 Thread 0x000000005d331000 Uncommon trap: reason=unstable_if action=reinterpret pc=0x0000000004b0a48c method=com.android.dx.rop.code.RegisterSpecSet.put(Lcom/android/dx/rop/code/RegisterSpec;)V @ 62
Event: 11051.812 Thread 0x000000005d335800 Uncommon trap: reason=unstable_if action=reinterpret pc=0x00000000036fe96c method=java.util.concurrent.ConcurrentHashMap.get(Ljava/lang/Object;)Ljava/lang/Object; @ 86
Event: 11052.321 Thread 0x000000005d335800 Uncommon trap: reason=unstable_if action=reinterpret pc=0x00000000058873e4 method=java.util.concurrent.ConcurrentHashMap.get(Ljava/lang/Object;)Ljava/lang/Object; @ 86
Event: 11052.323 Thread 0x000000005d335800 Uncommon trap: reason=unstable_if action=reinterpret pc=0x00000000034f3f8c method=java.util.concurrent.ConcurrentHashMap.transfer([Ljava/util/concurrent/ConcurrentHashMap$Node;[Ljava/util/concurrent/ConcurrentHashMap$Node;)V @ 34
Event: 11052.323 Thread 0x000000005d335800 Uncommon trap: reason=unstable_if action=reinterpret pc=0x000000000313aaa0 method=java.util.concurrent.ConcurrentHashMap.transfer([Ljava/util/concurrent/ConcurrentHashMap$Node;[Ljava/util/concurrent/ConcurrentHashMap$Node;)V @ 277
Event: 11053.055 Thread 0x000000005d335800 Uncommon trap: reason=unstable_if action=reinterpret pc=0x00000000057cad78 method=com.android.dx.rop.code.DexTranslationAdvice.hasConstantOperation(Lcom/android/dx/rop/code/Rop;Lcom/android/dx/rop/code/RegisterSpec;Lcom/android/dx/rop/code/RegisterSpec;)Z eÛC”–Å@
Event: 11053.158 Thread 0x000000005d332800 Uncommon trap: reason=unstable_if action=reinterpret pc=0x0000000005b09040 method=com.android.dx.ssa.LocalVariableExtractor.doit()Lcom/android/dx/ssa/LocalVariableInfo; @ 7
Event: 11053.158 Thread 0x000000005d332800 Uncommon trap: reason=unstable_if action=reinterpret pc=0x000000000582f2cc method=com.android.dx.rop.code.RegisterSpecSet.<init>(I)V @ 2
Event: 11053.158 Thread 0x000000005d332800 Uncommon trap: reason=unstable_if action=reinterpret pc=0x00000000055d1ce8 method=com.android.dx.rop.code.RegisterSpecSet.<init>(I)V @ 2
Event: 11053.161 Thread 0x000000005d332800 Uncommon trap: reason=unstable_if action=reinterpret pc=0x0000000005aad714 method=com.android.dx.rop.code.RegisterSpecSet.<init>(I)V @ 2

Internal exceptions (10 events):
Event: 11050.445 Thread 0x000000005d331800 Exception <a 'sun/nio/fs/WindowsException'> (0x00000000f359ba98) thrown at [D:\src\AOSP-openjdk-cygwin\jdk8u\hotspot\src\share\vm\prims\jni.cpp, line 709]
Event: 11052.227 Thread 0x000000005d333800 Exception <a 'sun/nio/fs/WindowsException'> (0x00000000f54e4288) thrown at [D:\src\AOSP-openjdk-cygwin\jdk8u\hotspot\src\share\vm\prims\jni.cpp, line 709]
Event: 11052.227 Thread 0x000000005d333800 Exception <a 'sun/nio/fs/WindowsException'> (0x00000000f54e48d8) thrown at [D:\src\AOSP-openjdk-cygwin\jdk8u\hotspot\src\share\vm\prims\jni.cpp, line 709]
Event: 11052.228 Thread 0x000000005d333800 Exception <a 'sun/nio/fs/WindowsException'> (0x00000000f54e5158) thrown at [D:\src\AOSP-openjdk-cygwin\jdk8u\hotspot\src\share\vm\prims\jni.cpp, line 709]
Event: 11052.985 Thread 0x000000005d331000 Exception <a 'sun/nio/fs/WindowsException'> (0x00000000e64c7458) thrown at [D:\src\AOSP-openjdk-cygwin\jdk8u\hotspot\src\share\vm\prims\jni.cpp, line 709]
Event: 11052.985 Thread 0x000000005d331000 Exception <a 'sun/nio/fs/WindowsException'> (0x00000000e64c7aa8) thrown at [D:\src\AOSP-openjdk-cygwin\jdk8u\hotspot\src\share\vm\prims\jni.cpp, line 709]
Event: 11052.986 Thread 0x000000005d331000 Exception <a 'sun/nio/fs/WindowsException'> (0x00000000e64c8328) thrown at [D:\src\AOSP-openjdk-cygwin\jdk8u\hotspot\src\share\vm\prims\jni.cpp, line 709]
Event: 11052.998 Thread 0x000000005d333800 Exception <a 'sun/nio/fs/WindowsException'> (0x00000000e82f87b8) thrown at [D:\src\AOSP-openjdk-cygwin\jdk8u\hotspot\src\share\vm\prims\jni.cpp, line 709]
Event: 11052.998 Thread 0x000000005d333800 Exception <a 'sun/nio/fs/WindowsException'> (0x00000000e82f8e08) thrown at [D:\src\AOSP-openjdk-cygwin\jdk8u\hotspot\src\share\vm\prims\jni.cpp, line 709]
Event: 11052.998 Thread 0x000000005d333800 Exception <a 'sun/nio/fs/WindowsException'> (0x00000000e82f9688) thrown at [D:\src\AOSP-openjdk-cygwin\jdk8u\hotspot\src\share\vm\prims\jni.cpp, line 709]

Events (10 events):
Event: 11053.340 Thread 0x000000005d335800 DEOPT PACKING pc=0x0000000005582c51 sp=0x000000006939ea00
Event: 11053.340 Thread 0x000000005d335800 DEOPT UNPACKING pc=0x00000000029275bf sp=0x000000006939e750 mode 0
Event: 11053.348 Thread 0x000000005d335800 DEOPT PACKING pc=0x0000000005582c51 sp=0x000000006939ea00
Event: 11053.348 Thread 0x000000005d335800 DEOPT UNPACKING pc=0x00000000029275bf sp=0x000000006939e750 mode 0
Event: 11053.395 Thread 0x000000005d332800 DEOPT PACKING pc=0x000000000554eb81 sp=0x0000000067adea60
Event: 11053.395 Thread 0x000000005d332800 DEOPT UNPACKING pc=0x00000000029275bf sp=0x0000000067ade7f0 mode 0
Event: 11053.398 Thread 0x000000005d332800 DEOPT PACKING pc=0x0000000005582c51 sp=0x0000000067ade940
Event: 11053.398 Thread 0x000000005d332800 DEOPT UNPACKING pc=0x00000000029275bf sp=0x0000000067ade690 mode 0
Event: 11053.471 Thread 0x000000005d335800 DEOPT PACKING pc=0x000000000551c873 sp=0x000000006939e840
Event: 11053.471 Thread 0x000000005d335800 DEOPT UNPACKING pc=0x00000000029275bf sp=0x000000006939e5a8 mode 0


Dynamic libraries:
0x000000013f570000 - 0x000000013f5a1000 	E:\android-studio3.0\jre\bin\java.exe
0x0000000076fb0000 - 0x000000007715a000 	C:\Windows\SYSTEM32\ntdll.dll
0x0000000076e90000 - 0x0000000076faf000 	C:\Windows\system32\kernel32.dll
0x000007fefcd20000 - 0x000007fefcd8a000 	C:\Windows\system32\KERNELBASE.dll
0x000007fefee50000 - 0x000007fefef2b000 	C:\Windows\system32\ADVAPI32.dll
0x000007feff130000 - 0x000007feff1cf000 	C:\Windows\system32\msvcrt.dll
0x000007fefd6e0000 - 0x000007fefd6ff000 	C:\Windows\SYSTEM32\sechost.dll
0x000007fefd510000 - 0x000007fefd63d000 	C:\Windows\system32\RPCRT4.dll
0x0000000076c50000 - 0x0000000076d4a000 	C:\Windows\system32\USER32.dll
0x000007fefd410000 - 0x000007fefd477000 	C:\Windows\system32\GDI32.dll
0x000007feff1d0000 - 0x000007feff1de000 	C:\Windows\system32\LPK.dll
0x000007fefd0b0000 - 0x000007fefd17a000 	C:\Windows\system32\USP10.dll
0x000007fefbbb0000 - 0x000007fefbda4000 	C:\Windows\WinSxS\amd64_microsoft.windows.common-controls_6595b64144ccf1df_6.0.7601.18837_none_fa3b1e3d17594757\COMCTL32.dll
0x000007feff0b0000 - 0x000007feff121000 	C:\Windows\system32\SHLWAPI.dll
0x000007fefe090000 - 0x000007fefe0be000 	C:\Windows\system32\IMM32.DLL
0x000007fefd190000 - 0x000007fefd299000 	C:\Windows\system32\MSCTF.dll
0x000007fefcb00000 - 0x000007fefcb32000 	C:\Windows\system32\nvinitx.dll
0x000007fefcaf0000 - 0x000007fefcafc000 	C:\Windows\system32\VERSION.dll
0x0000000072df0000 - 0x0000000072df6000 	C:\Program Files\NVIDIA Corporation\CoProcManager\detoured.dll
0x000007fefa180000 - 0x000007fefa1b8000 	C:\Program Files\NVIDIA Corporation\CoProcManager\nvd3d9wrapx.dll
0x000007fefdc80000 - 0x000007fefde57000 	C:\Windows\system32\SETUPAPI.dll
0x000007fefcff0000 - 0x000007fefd026000 	C:\Windows\system32\CFGMGR32.dll
0x000007feff1e0000 - 0x000007feff2ba000 	C:\Windows\system32\OLEAUT32.dll
0x000007fefd750000 - 0x000007fefd94c000 	C:\Windows\system32\ole32.dll
0x000007fefcc10000 - 0x000007fefcc2a000 	C:\Windows\system32\DEVOBJ.dll
0x000007fefa150000 - 0x000007fefa174000 	C:\Program Files\NVIDIA Corporation\CoProcManager\nvdxgiwrapx.dll
0x000000006f2c0000 - 0x000000006f392000 	E:\android-studio3.0\jre\jre\bin\msvcr100.dll
0x000000005f240000 - 0x000000005fa7a000 	E:\android-studio3.0\jre\jre\bin\server\jvm.dll
0x000007fef6750000 - 0x000007fef6759000 	C:\Windows\system32\WSOCK32.dll
0x000007fefd700000 - 0x000007fefd74d000 	C:\Windows\system32\WS2_32.dll
0x000007fefd180000 - 0x000007fefd188000 	C:\Windows\system32\NSI.dll
0x000007fefcda0000 - 0x000007fefcddb000 	C:\Windows\system32\WINMM.dll
0x0000000077180000 - 0x0000000077187000 	C:\Windows\system32\PSAPI.DLL
0x000007fefb230000 - 0x000007fefb23f000 	E:\android-studio3.0\jre\jre\bin\verify.dll
0x000007fefa690000 - 0x000007fefa6b9000 	E:\android-studio3.0\jre\jre\bin\java.dll
0x000007fefa6d0000 - 0x000007fefa6e6000 	E:\android-studio3.0\jre\jre\bin\zip.dll
0x000007fefe0c0000 - 0x000007fefee49000 	C:\Windows\system32\SHELL32.dll
0x000007fefcbe0000 - 0x000007fefcbef000 	C:\Windows\system32\profapi.dll
0x000007fefa500000 - 0x000007fefa51a000 	E:\android-studio3.0\jre\jre\bin\net.dll
0x000007fefc2d0000 - 0x000007fefc325000 	C:\Windows\system32\mswsock.dll
0x000007fefc510000 - 0x000007fefc517000 	C:\Windows\System32\wship6.dll
0x000007fefa520000 - 0x000007fefa531000 	E:\android-studio3.0\jre\jre\bin\nio.dll
0x000007fef9970000 - 0x000007fef998e000 	C:\Users\Administrator\.gradle\native\25\windows-amd64\native-platform.dll
0x000007fefc330000 - 0x000007fefc347000 	C:\Windows\system32\CRYPTSP.dll
0x000007fefc040000 - 0x000007fefc087000 	C:\Windows\system32\rsaenh.dll
0x000007fefcde0000 - 0x000007fefcdfe000 	C:\Windows\system32\USERENV.dll
0x000007fefc9e0000 - 0x000007fefc9ef000 	C:\Windows\system32\CRYPTBASE.dll
0x000007fefa770000 - 0x000007fefa797000 	C:\Windows\system32\IPHLPAPI.DLL
0x000007fefa760000 - 0x000007fefa76b000 	C:\Windows\system32\WINNSI.DLL
0x000007fef98a0000 - 0x000007fef98b8000 	C:\Windows\system32\dhcpcsvc.DLL
0x000007fef97b0000 - 0x000007fef97c1000 	C:\Windows\system32\dhcpcsvc6.DLL
0x000007fefb240000 - 0x000007fefb24d000 	E:\android-studio3.0\jre\jre\bin\management.dll

VM Arguments:
jvm_args: -Xmx1536m -Dfile.encoding=GBK -Duser.country=CN -Duser.language=zh -Duser.variant 
java_command: org.gradle.launcher.daemon.bootstrap.GradleDaemon 4.0-milestone-1
java_class_path (initial): C:\Users\Administrator\.gradle\wrapper\dists\gradle-4.0-milestone-1-all\2rnr7rhi2zsmkxo9re7615fy6\gradle-4.0-milestone-1\lib\gradle-launcher-4.0.jar
Launcher Type: SUN_STANDARD

Environment Variables:
JAVA_HOME=C:\Program Files\Java\jdk1.8.0_91
CLASSPATH=.;C:\Program Files\Java\jdk1.8.0_91\lib;C:\Program Files\Java\jdk1.8.0_91\lib\tools.jar
PATH=C:\ProgramData\Oracle\Java\javapath;C:\Program Files (x86)\Common Files\NetSarang;C:\Program Files\Java\jdk1.8.0_91\bin;C:\Program Files\Java\jdk1.8.0_91\jre\bin;D:\soft\Git\bin;D:\soft\Git\libexec\git-core;C:\Program Files (x86)\GtkSharp\2.12\bin;C:\Program Files (x86)\Windows Kits\8.1\Windows Performance Toolkit\;C:\Program Files\Microsoft SQL Server\110\Tools\Binn\;C:\Program Files (x86)\Microsoft SDKs\TypeScript\1.0\;D:\soft\Python27;D:\soft\apache-ant-1.9.4\bin;C:\windows\system32\;;C:\Windows;C:\Windows\system32\wbem;C:\Program Files\Common Files\Autodesk Shared\;C:\Program Files (x86)\Autodesk\Backburner\;D:\soft\Android\Android Studio\gradle\gradle-2.2.1\bin;;C:\Program Files (x86)\NVIDIA Corporation\PhysX\Common;C:\ProgramData\chocolatey\bin;C:\tools\python2;C:\Program Files\nodejs\;D:\soft\Cocos\Framework\frameworks\cocos2d-x-3.7.1\tools\cocos2d-console\bin;D:\soft\CocosFramework\frameworks\cocos2d-x-3.5\tools\cocos2d-console\bin;D:\soft\Cocos\Framework\frameworks\cocos2d-x-3.7.1\tools\cocos2d-console\bin;C:\Users\Administrator\AppData\Roaming\npm;D:\soft\Android\sdk\platform-tools;D:\soft\Android\sdk\tools;D:\soft\Android\sdk\ndk-bundle;
USERNAME=Administrator
OS=Windows_NT
PROCESSOR_IDENTIFIER=Intel64 Family 6 Model 58 Stepping 9, GenuineIntel



---------------  S Y S T E M  ---------------

OS: Windows 7 , 64 bit Build 7601 (6.1.7601.23796)

CPU:total 4 (2 cores per cpu, 2 threads per core) family 6 model 58 stepping 9, cmov, cx8, fxsr, mmx, sse, sse2, sse3, ssse3, sse4.1, sse4.2, popcnt, avx, aes, clmul, erms, ht, tsc, tscinvbit, tscinv

Memory: 4k page, physical 10040988k(1211072k free), swap 10039128k(5028k free)

vm_info: OpenJDK 64-Bit Server VM (25.112-b736) for windows-amd64 JRE (1.8.0_112-release-736), built on Mar  6 2017 17:02:07 by "builder" with MS VC++ 10.0 (VS2010)

time: Thu May 25 18:59:31 2017
elapsed time: 11053 seconds (0d 3h 4m 13s)

